<?xml version="1.0" encoding="UTF-8"?>
<!-- Generated by org.testng.reporters.JUnitReportReporter -->
<testsuite hostname="DESKTOP-F7BOMKI" failures="0" tests="1" name="test.OpenAccountTest" time="8.622" errors="0" timestamp="2025-01-10T22:51:23 IST" skipped="0">
  <testcase classname="test.OpenAccountTest" name="testopenAccount" time="8.622"/>
  <system-out/>
</testsuite> <!-- test.OpenAccountTest -->
