<?xml version="1.0" encoding="UTF-8"?>
<!-- Generated by org.testng.reporters.JUnitReportReporter -->
<testsuite hostname="DESKTOP-F7BOMKI" failures="0" tests="1" name="test.RegistrationTest" time="28.279" errors="0" timestamp="2025-01-10T21:34:18 IST" skipped="0">
  <testcase classname="test.RegistrationTest" name="testRegistration" time="28.279"/>
  <system-out/>
</testsuite> <!-- test.RegistrationTest -->
