<?xml version="1.0" encoding="UTF-8"?>
<!-- Generated by org.testng.reporters.JUnitReportReporter -->
<testsuite hostname="DESKTOP-F7BOMKI" failures="0" tests="1" name="test.AccountsOverviewTest" time="11.392" errors="0" timestamp="2025-01-10T20:45:24 IST" skipped="0">
  <testcase classname="test.AccountsOverviewTest" name="testAccountOverview" time="11.392"/>
  <system-out/>
</testsuite> <!-- test.AccountsOverviewTest -->
